[0.113s] DEBUG:colcon:Command line arguments: ['/usr/bin/colcon', 'build']
[0.113s] DEBUG:colcon:Parsed command line arguments: Namespace(log_base=None, log_level=None, verb_name='build', build_base='build', install_base='install', merge_install=False, symlink_install=False, test_result_base=None, continue_on_error=False, executor='parallel', parallel_workers=8, event_handlers=None, ignore_user_meta=False, metas=['./colcon.meta'], base_paths=['.'], packages_ignore=None, packages_ignore_regex=None, paths=None, packages_up_to=None, packages_up_to_regex=None, packages_above=None, packages_above_and_dependencies=None, packages_above_depth=None, packages_select_by_dep=None, packages_skip_by_dep=None, packages_skip_up_to=None, packages_select_build_failed=False, packages_skip_build_finished=False, packages_select_test_failures=False, packages_skip_test_passed=False, packages_select=None, packages_skip=None, packages_select_regex=None, packages_skip_regex=None, packages_start=None, packages_end=None, allow_overriding=[], cmake_args=None, cmake_target=None, cmake_target_skip_unavailable=False, cmake_clean_cache=False, cmake_clean_first=False, cmake_force_configure=False, ament_cmake_args=None, catkin_cmake_args=None, catkin_skip_building_tests=False, verb_parser=<colcon_defaults.argument_parser.defaults.DefaultArgumentsDecorator object at 0x72f250d6a500>, verb_extension=<colcon_core.verb.build.BuildVerb object at 0x72f250e9c100>, main=<bound method BuildVerb.main of <colcon_core.verb.build.BuildVerb object at 0x72f250e9c100>>)
[0.155s] Level 1:colcon.colcon_core.package_discovery:discover_packages(colcon_meta) check parameters
[0.155s] Level 1:colcon.colcon_core.package_discovery:discover_packages(recursive) check parameters
[0.155s] Level 1:colcon.colcon_core.package_discovery:discover_packages(ignore) check parameters
[0.155s] Level 1:colcon.colcon_core.package_discovery:discover_packages(path) check parameters
[0.155s] Level 1:colcon.colcon_core.package_discovery:discover_packages(colcon_meta) discover
[0.155s] Level 1:colcon.colcon_core.package_discovery:discover_packages(recursive) discover
[0.155s] INFO:colcon.colcon_core.package_discovery:Crawling recursively for packages in '/home/glenio/ros2_sim_ws'
[0.155s] Level 1:colcon.colcon_core.package_identification:_identify(.) by extensions ['ignore', 'ignore_ament_install']
[0.156s] Level 1:colcon.colcon_core.package_identification:_identify(.) by extension 'ignore'
[0.156s] Level 1:colcon.colcon_core.package_identification:_identify(.) by extension 'ignore_ament_install'
[0.156s] Level 1:colcon.colcon_core.package_identification:_identify(.) by extensions ['colcon_pkg']
[0.156s] Level 1:colcon.colcon_core.package_identification:_identify(.) by extension 'colcon_pkg'
[0.156s] Level 1:colcon.colcon_core.package_identification:_identify(.) by extensions ['colcon_meta']
[0.156s] Level 1:colcon.colcon_core.package_identification:_identify(.) by extension 'colcon_meta'
[0.156s] Level 1:colcon.colcon_core.package_identification:_identify(.) by extensions ['ros']
[0.156s] Level 1:colcon.colcon_core.package_identification:_identify(.) by extension 'ros'
[0.185s] Level 1:colcon.colcon_core.package_identification:_identify(.) by extensions ['cmake', 'python']
[0.185s] Level 1:colcon.colcon_core.package_identification:_identify(.) by extension 'cmake'
[0.185s] Level 1:colcon.colcon_core.package_identification:_identify(.) by extension 'python'
[0.185s] Level 1:colcon.colcon_core.package_identification:_identify(.) by extensions ['python_setup_py']
[0.185s] Level 1:colcon.colcon_core.package_identification:_identify(.) by extension 'python_setup_py'
[0.185s] Level 1:colcon.colcon_core.package_identification:_identify(build) by extensions ['ignore', 'ignore_ament_install']
[0.185s] Level 1:colcon.colcon_core.package_identification:_identify(build) by extension 'ignore'
[0.185s] Level 1:colcon.colcon_core.package_identification:_identify(build) ignored
[0.185s] Level 1:colcon.colcon_core.package_identification:_identify(install) by extensions ['ignore', 'ignore_ament_install']
[0.186s] Level 1:colcon.colcon_core.package_identification:_identify(install) by extension 'ignore'
[0.186s] Level 1:colcon.colcon_core.package_identification:_identify(install) ignored
[0.186s] Level 1:colcon.colcon_core.package_identification:_identify(log) by extensions ['ignore', 'ignore_ament_install']
[0.186s] Level 1:colcon.colcon_core.package_identification:_identify(log) by extension 'ignore'
[0.186s] Level 1:colcon.colcon_core.package_identification:_identify(log) ignored
[0.186s] Level 1:colcon.colcon_core.package_identification:_identify(src) by extensions ['ignore', 'ignore_ament_install']
[0.186s] Level 1:colcon.colcon_core.package_identification:_identify(src) by extension 'ignore'
[0.186s] Level 1:colcon.colcon_core.package_identification:_identify(src) by extension 'ignore_ament_install'
[0.186s] Level 1:colcon.colcon_core.package_identification:_identify(src) by extensions ['colcon_pkg']
[0.186s] Level 1:colcon.colcon_core.package_identification:_identify(src) by extension 'colcon_pkg'
[0.186s] Level 1:colcon.colcon_core.package_identification:_identify(src) by extensions ['colcon_meta']
[0.186s] Level 1:colcon.colcon_core.package_identification:_identify(src) by extension 'colcon_meta'
[0.186s] Level 1:colcon.colcon_core.package_identification:_identify(src) by extensions ['ros']
[0.186s] Level 1:colcon.colcon_core.package_identification:_identify(src) by extension 'ros'
[0.186s] Level 1:colcon.colcon_core.package_identification:_identify(src) by extensions ['cmake', 'python']
[0.187s] Level 1:colcon.colcon_core.package_identification:_identify(src) by extension 'cmake'
[0.187s] Level 1:colcon.colcon_core.package_identification:_identify(src) by extension 'python'
[0.187s] Level 1:colcon.colcon_core.package_identification:_identify(src) by extensions ['python_setup_py']
[0.187s] Level 1:colcon.colcon_core.package_identification:_identify(src) by extension 'python_setup_py'
[0.187s] Level 1:colcon.colcon_core.package_identification:_identify(src/my_simulation) by extensions ['ignore', 'ignore_ament_install']
[0.187s] Level 1:colcon.colcon_core.package_identification:_identify(src/my_simulation) by extension 'ignore'
[0.187s] Level 1:colcon.colcon_core.package_identification:_identify(src/my_simulation) by extension 'ignore_ament_install'
[0.187s] Level 1:colcon.colcon_core.package_identification:_identify(src/my_simulation) by extensions ['colcon_pkg']
[0.187s] Level 1:colcon.colcon_core.package_identification:_identify(src/my_simulation) by extension 'colcon_pkg'
[0.187s] Level 1:colcon.colcon_core.package_identification:_identify(src/my_simulation) by extensions ['colcon_meta']
[0.187s] Level 1:colcon.colcon_core.package_identification:_identify(src/my_simulation) by extension 'colcon_meta'
[0.187s] Level 1:colcon.colcon_core.package_identification:_identify(src/my_simulation) by extensions ['ros']
[0.187s] Level 1:colcon.colcon_core.package_identification:_identify(src/my_simulation) by extension 'ros'
[0.190s] DEBUG:colcon.colcon_core.package_identification:Package 'src/my_simulation' with type 'ros.ament_cmake' and name 'my_simulation'
[0.190s] Level 1:colcon.colcon_core.package_discovery:discover_packages(recursive) using defaults
[0.190s] Level 1:colcon.colcon_core.package_discovery:discover_packages(ignore) discover
[0.190s] Level 1:colcon.colcon_core.package_discovery:discover_packages(ignore) using defaults
[0.190s] Level 1:colcon.colcon_core.package_discovery:discover_packages(path) discover
[0.190s] Level 1:colcon.colcon_core.package_discovery:discover_packages(path) using defaults
[0.210s] Level 1:colcon.colcon_core.package_discovery:discover_packages(prefix_path) check parameters
[0.210s] Level 1:colcon.colcon_core.package_discovery:discover_packages(prefix_path) discover
[0.213s] DEBUG:colcon.colcon_installed_package_information.package_discovery:Found 413 installed packages in /opt/ros/humble
[0.216s] Level 1:colcon.colcon_core.package_discovery:discover_packages(prefix_path) using defaults
[0.292s] Level 5:colcon.colcon_core.verb:set package 'my_simulation' build argument 'cmake_args' from command line to 'None'
[0.292s] Level 5:colcon.colcon_core.verb:set package 'my_simulation' build argument 'cmake_target' from command line to 'None'
[0.292s] Level 5:colcon.colcon_core.verb:set package 'my_simulation' build argument 'cmake_target_skip_unavailable' from command line to 'False'
[0.292s] Level 5:colcon.colcon_core.verb:set package 'my_simulation' build argument 'cmake_clean_cache' from command line to 'False'
[0.292s] Level 5:colcon.colcon_core.verb:set package 'my_simulation' build argument 'cmake_clean_first' from command line to 'False'
[0.292s] Level 5:colcon.colcon_core.verb:set package 'my_simulation' build argument 'cmake_force_configure' from command line to 'False'
[0.292s] Level 5:colcon.colcon_core.verb:set package 'my_simulation' build argument 'ament_cmake_args' from command line to 'None'
[0.292s] Level 5:colcon.colcon_core.verb:set package 'my_simulation' build argument 'catkin_cmake_args' from command line to 'None'
[0.292s] Level 5:colcon.colcon_core.verb:set package 'my_simulation' build argument 'catkin_skip_building_tests' from command line to 'False'
[0.292s] DEBUG:colcon.colcon_core.verb:Building package 'my_simulation' with the following arguments: {'ament_cmake_args': None, 'build_base': '/home/glenio/ros2_sim_ws/build/my_simulation', 'catkin_cmake_args': None, 'catkin_skip_building_tests': False, 'cmake_args': None, 'cmake_clean_cache': False, 'cmake_clean_first': False, 'cmake_force_configure': False, 'cmake_target': None, 'cmake_target_skip_unavailable': False, 'install_base': '/home/glenio/ros2_sim_ws/install/my_simulation', 'merge_install': False, 'path': '/home/glenio/ros2_sim_ws/src/my_simulation', 'symlink_install': False, 'test_result_base': None}
[0.292s] INFO:colcon.colcon_core.executor:Executing jobs using 'parallel' executor
[0.293s] DEBUG:colcon.colcon_parallel_executor.executor.parallel:run_until_complete
[0.293s] INFO:colcon.colcon_ros.task.ament_cmake.build:Building ROS package in '/home/glenio/ros2_sim_ws/src/my_simulation' with build type 'ament_cmake'
[0.293s] INFO:colcon.colcon_cmake.task.cmake.build:Building CMake package in '/home/glenio/ros2_sim_ws/src/my_simulation'
[0.295s] INFO:colcon.colcon_core.plugin_system:Skipping extension 'colcon_core.shell.bat': Not used on non-Windows systems
[0.296s] INFO:colcon.colcon_core.shell:Skip shell extension 'powershell' for command environment: Not usable outside of PowerShell
[0.296s] DEBUG:colcon.colcon_core.shell:Skip shell extension 'dsv' for command environment
[0.304s] DEBUG:colcon.colcon_core.event_handler.log_command:Invoking command in '/home/glenio/ros2_sim_ws/build/my_simulation': CMAKE_PREFIX_PATH=/opt/ros/humble /usr/bin/cmake /home/glenio/ros2_sim_ws/src/my_simulation -DCMAKE_INSTALL_PREFIX=/home/glenio/ros2_sim_ws/install/my_simulation
[4.969s] DEBUG:colcon.colcon_core.event_handler.log_command:Invoked command in '/home/glenio/ros2_sim_ws/build/my_simulation' returned '0': CMAKE_PREFIX_PATH=/opt/ros/humble /usr/bin/cmake /home/glenio/ros2_sim_ws/src/my_simulation -DCMAKE_INSTALL_PREFIX=/home/glenio/ros2_sim_ws/install/my_simulation
[4.972s] DEBUG:colcon.colcon_core.event_handler.log_command:Invoking command in '/home/glenio/ros2_sim_ws/build/my_simulation': CMAKE_PREFIX_PATH=/opt/ros/humble /usr/bin/cmake --build /home/glenio/ros2_sim_ws/build/my_simulation -- -j8 -l8
[20.194s] DEBUG:colcon.colcon_core.event_handler.log_command:Invoked command in '/home/glenio/ros2_sim_ws/build/my_simulation' returned '0': CMAKE_PREFIX_PATH=/opt/ros/humble /usr/bin/cmake --build /home/glenio/ros2_sim_ws/build/my_simulation -- -j8 -l8
[20.207s] DEBUG:colcon.colcon_core.event_handler.log_command:Invoking command in '/home/glenio/ros2_sim_ws/build/my_simulation': CMAKE_PREFIX_PATH=/opt/ros/humble /usr/bin/cmake --install /home/glenio/ros2_sim_ws/build/my_simulation
[20.240s] Level 1:colcon.colcon_core.environment:create_environment_scripts_only(my_simulation)
[20.240s] DEBUG:colcon.colcon_core.event_handler.log_command:Invoked command in '/home/glenio/ros2_sim_ws/build/my_simulation' returned '0': CMAKE_PREFIX_PATH=/opt/ros/humble /usr/bin/cmake --install /home/glenio/ros2_sim_ws/build/my_simulation
[20.243s] Level 1:colcon.colcon_core.environment:checking '/home/glenio/ros2_sim_ws/install/my_simulation' for CMake module files
[20.243s] Level 1:colcon.colcon_core.environment:checking '/home/glenio/ros2_sim_ws/install/my_simulation' for CMake config files
[20.243s] Level 1:colcon.colcon_core.shell:create_environment_hook('my_simulation', 'cmake_prefix_path')
[20.244s] INFO:colcon.colcon_core.shell:Creating environment hook '/home/glenio/ros2_sim_ws/install/my_simulation/share/my_simulation/hook/cmake_prefix_path.ps1'
[20.244s] INFO:colcon.colcon_core.shell:Creating environment descriptor '/home/glenio/ros2_sim_ws/install/my_simulation/share/my_simulation/hook/cmake_prefix_path.dsv'
[20.245s] INFO:colcon.colcon_core.shell:Creating environment hook '/home/glenio/ros2_sim_ws/install/my_simulation/share/my_simulation/hook/cmake_prefix_path.sh'
[20.246s] Level 1:colcon.colcon_core.environment:checking '/home/glenio/ros2_sim_ws/install/my_simulation/lib'
[20.246s] Level 1:colcon.colcon_core.environment:checking '/home/glenio/ros2_sim_ws/install/my_simulation/bin'
[20.246s] Level 1:colcon.colcon_core.environment:checking '/home/glenio/ros2_sim_ws/install/my_simulation/lib/pkgconfig/my_simulation.pc'
[20.246s] Level 1:colcon.colcon_core.environment:checking '/home/glenio/ros2_sim_ws/install/my_simulation/lib/python3.10/site-packages'
[20.247s] Level 1:colcon.colcon_core.environment:checking '/home/glenio/ros2_sim_ws/install/my_simulation/bin'
[20.247s] INFO:colcon.colcon_core.shell:Creating package script '/home/glenio/ros2_sim_ws/install/my_simulation/share/my_simulation/package.ps1'
[20.248s] INFO:colcon.colcon_core.shell:Creating package descriptor '/home/glenio/ros2_sim_ws/install/my_simulation/share/my_simulation/package.dsv'
[20.248s] INFO:colcon.colcon_core.shell:Creating package script '/home/glenio/ros2_sim_ws/install/my_simulation/share/my_simulation/package.sh'
[20.249s] INFO:colcon.colcon_core.shell:Creating package script '/home/glenio/ros2_sim_ws/install/my_simulation/share/my_simulation/package.bash'
[20.250s] INFO:colcon.colcon_core.shell:Creating package script '/home/glenio/ros2_sim_ws/install/my_simulation/share/my_simulation/package.zsh'
[20.251s] Level 1:colcon.colcon_core.environment:create_file_with_runtime_dependencies(/home/glenio/ros2_sim_ws/install/my_simulation/share/colcon-core/packages/my_simulation)
[20.252s] Level 1:colcon.colcon_core.environment:create_environment_scripts_only(my_simulation)
[20.252s] Level 1:colcon.colcon_core.environment:checking '/home/glenio/ros2_sim_ws/install/my_simulation' for CMake module files
[20.252s] Level 1:colcon.colcon_core.environment:checking '/home/glenio/ros2_sim_ws/install/my_simulation' for CMake config files
[20.253s] Level 1:colcon.colcon_core.shell:create_environment_hook('my_simulation', 'cmake_prefix_path')
[20.253s] INFO:colcon.colcon_core.shell:Creating environment hook '/home/glenio/ros2_sim_ws/install/my_simulation/share/my_simulation/hook/cmake_prefix_path.ps1'
[20.253s] INFO:colcon.colcon_core.shell:Creating environment descriptor '/home/glenio/ros2_sim_ws/install/my_simulation/share/my_simulation/hook/cmake_prefix_path.dsv'
[20.254s] INFO:colcon.colcon_core.shell:Creating environment hook '/home/glenio/ros2_sim_ws/install/my_simulation/share/my_simulation/hook/cmake_prefix_path.sh'
[20.254s] Level 1:colcon.colcon_core.environment:checking '/home/glenio/ros2_sim_ws/install/my_simulation/lib'
[20.254s] Level 1:colcon.colcon_core.environment:checking '/home/glenio/ros2_sim_ws/install/my_simulation/bin'
[20.254s] Level 1:colcon.colcon_core.environment:checking '/home/glenio/ros2_sim_ws/install/my_simulation/lib/pkgconfig/my_simulation.pc'
[20.255s] Level 1:colcon.colcon_core.environment:checking '/home/glenio/ros2_sim_ws/install/my_simulation/lib/python3.10/site-packages'
[20.255s] Level 1:colcon.colcon_core.environment:checking '/home/glenio/ros2_sim_ws/install/my_simulation/bin'
[20.255s] INFO:colcon.colcon_core.shell:Creating package script '/home/glenio/ros2_sim_ws/install/my_simulation/share/my_simulation/package.ps1'
[20.256s] INFO:colcon.colcon_core.shell:Creating package descriptor '/home/glenio/ros2_sim_ws/install/my_simulation/share/my_simulation/package.dsv'
[20.256s] INFO:colcon.colcon_core.shell:Creating package script '/home/glenio/ros2_sim_ws/install/my_simulation/share/my_simulation/package.sh'
[20.257s] INFO:colcon.colcon_core.shell:Creating package script '/home/glenio/ros2_sim_ws/install/my_simulation/share/my_simulation/package.bash'
[20.257s] INFO:colcon.colcon_core.shell:Creating package script '/home/glenio/ros2_sim_ws/install/my_simulation/share/my_simulation/package.zsh'
[20.258s] Level 1:colcon.colcon_core.environment:create_file_with_runtime_dependencies(/home/glenio/ros2_sim_ws/install/my_simulation/share/colcon-core/packages/my_simulation)
[20.258s] DEBUG:colcon.colcon_parallel_executor.executor.parallel:closing loop
[20.258s] DEBUG:colcon.colcon_parallel_executor.executor.parallel:loop closed
[20.258s] DEBUG:colcon.colcon_parallel_executor.executor.parallel:run_until_complete finished with '0'
[20.258s] DEBUG:colcon.colcon_core.event_reactor:joining thread
[20.264s] INFO:colcon.colcon_core.plugin_system:Skipping extension 'colcon_notification.desktop_notification.terminal_notifier': Not used on non-Darwin systems
[20.264s] INFO:colcon.colcon_core.plugin_system:Skipping extension 'colcon_notification.desktop_notification.win32': Not used on non-Windows systems
[20.264s] INFO:colcon.colcon_notification.desktop_notification:Sending desktop notification using 'notify2'
[20.278s] DEBUG:colcon.colcon_core.event_reactor:joined thread
[20.279s] INFO:colcon.colcon_core.shell:Creating prefix script '/home/glenio/ros2_sim_ws/install/local_setup.ps1'
[20.280s] INFO:colcon.colcon_core.shell:Creating prefix util module '/home/glenio/ros2_sim_ws/install/_local_setup_util_ps1.py'
[20.282s] INFO:colcon.colcon_core.shell:Creating prefix chain script '/home/glenio/ros2_sim_ws/install/setup.ps1'
[20.284s] INFO:colcon.colcon_core.shell:Creating prefix script '/home/glenio/ros2_sim_ws/install/local_setup.sh'
[20.284s] INFO:colcon.colcon_core.shell:Creating prefix util module '/home/glenio/ros2_sim_ws/install/_local_setup_util_sh.py'
[20.285s] INFO:colcon.colcon_core.shell:Creating prefix chain script '/home/glenio/ros2_sim_ws/install/setup.sh'
[20.287s] INFO:colcon.colcon_core.shell:Creating prefix script '/home/glenio/ros2_sim_ws/install/local_setup.bash'
[20.287s] INFO:colcon.colcon_core.shell:Creating prefix chain script '/home/glenio/ros2_sim_ws/install/setup.bash'
[20.288s] INFO:colcon.colcon_core.shell:Creating prefix script '/home/glenio/ros2_sim_ws/install/local_setup.zsh'
[20.289s] INFO:colcon.colcon_core.shell:Creating prefix chain script '/home/glenio/ros2_sim_ws/install/setup.zsh'
