-- The C compiler identification is GNU 11.4.0
-- The CXX compiler identification is GNU 11.4.0
-- Detecting C compiler ABI info
-- Detecting C compiler ABI info - done
-- Check for working C compiler: /usr/bin/cc - skipped
-- Detecting C compile features
-- Detecting C compile features - done
-- Detecting CXX compiler ABI info
-- Detecting CXX compiler ABI info - done
-- Check for working CXX compiler: /usr/bin/c++ - skipped
-- Detecting CXX compile features
-- Detecting CXX compile features - done
-- Found ament_cmake: 1.3.12 (/opt/ros/humble/share/ament_cmake/cmake)
-- Found Python3: /usr/bin/python3 (found version "3.10.12") found components: Interpreter 
-- Found gazebo_ros: 3.9.0 (/opt/ros/humble/share/gazebo_ros/cmake)
-- Found rosidl_generator_c: 3.1.7 (/opt/ros/humble/share/rosidl_generator_c/cmake)
-- Found rosidl_adapter: 3.1.7 (/opt/ros/humble/share/rosidl_adapter/cmake)
-- Found rosidl_generator_cpp: 3.1.7 (/opt/ros/humble/share/rosidl_generator_cpp/cmake)
-- Using all available rosidl_typesupport_c: rosidl_typesupport_fastrtps_c;rosidl_typesupport_introspection_c
-- Using all available rosidl_typesupport_cpp: rosidl_typesupport_fastrtps_cpp;rosidl_typesupport_introspection_cpp
-- Found rmw_implementation_cmake: 6.1.2 (/opt/ros/humble/share/rmw_implementation_cmake/cmake)
-- Found rmw_fastrtps_cpp: 6.2.8 (/opt/ros/humble/share/rmw_fastrtps_cpp/cmake)
-- Found OpenSSL: /usr/lib/x86_64-linux-gnu/libcrypto.so (found version "3.0.2")  
-- Found FastRTPS: /opt/ros/humble/include  
-- Using RMW implementation 'rmw_fastrtps_cpp' as default
-- Looking for pthread.h
-- Looking for pthread.h - found
-- Performing Test CMAKE_HAVE_LIBC_PTHREAD
-- Performing Test CMAKE_HAVE_LIBC_PTHREAD - Success
-- Found Threads: TRUE  
-- Found PkgConfig: /usr/bin/pkg-config (found version "0.29.2") 
-- Checking for module 'bullet>=2.82'
--   Found bullet, version 3.05
-- Found fcl: /usr/include (found suitable version "0.7.0", minimum required is "0.5.0") 
-- Found assimp: /usr/include (found version "5.2.0") 
-- Found DART: /usr/include (Required is at least version "6.6") found components: dart 
-- Found Boost: /usr/lib/x86_64-linux-gnu/cmake/Boost-1.74.0/BoostConfig.cmake (found suitable version "1.74.0", minimum required is "1.40.0") found components: thread system filesystem program_options regex iostreams date_time 
-- Found Protobuf: /usr/lib/x86_64-linux-gnu/libprotobuf.so (found version "3.12.4") 
-- Looking for ignition-math6 -- found version 6.15.1
-- Searching for dependencies of ignition-math6
-- Looking for OGRE...
-- OGRE_PREFIX_WATCH changed.
-- Checking for module 'OGRE'
--   Found OGRE, version 1.9.0
-- Found Ogre Ghadamon (1.9.0)
-- Found OGRE: optimized;/usr/lib/x86_64-linux-gnu/libOgreMain.so;debug;/usr/lib/x86_64-linux-gnu/libOgreMain.so
-- Looking for OGRE_Paging...
-- Found OGRE_Paging: optimized;/usr/lib/x86_64-linux-gnu/libOgrePaging.so;debug;/usr/lib/x86_64-linux-gnu/libOgrePaging.so
-- Looking for OGRE_Terrain...
-- Found OGRE_Terrain: optimized;/usr/lib/x86_64-linux-gnu/libOgreTerrain.so;debug;/usr/lib/x86_64-linux-gnu/libOgreTerrain.so
-- Looking for OGRE_Property...
-- Found OGRE_Property: optimized;/usr/lib/x86_64-linux-gnu/libOgreProperty.so;debug;/usr/lib/x86_64-linux-gnu/libOgreProperty.so
-- Looking for OGRE_RTShaderSystem...
-- Found OGRE_RTShaderSystem: optimized;/usr/lib/x86_64-linux-gnu/libOgreRTShaderSystem.so;debug;/usr/lib/x86_64-linux-gnu/libOgreRTShaderSystem.so
-- Looking for OGRE_Volume...
-- Found OGRE_Volume: optimized;/usr/lib/x86_64-linux-gnu/libOgreVolume.so;debug;/usr/lib/x86_64-linux-gnu/libOgreVolume.so
-- Looking for OGRE_Overlay...
-- Found OGRE_Overlay: optimized;/usr/lib/x86_64-linux-gnu/libOgreOverlay.so;debug;/usr/lib/x86_64-linux-gnu/libOgreOverlay.so
-- Looking for ignition-math6 -- found version 6.15.1
-- Looking for ignition-transport8 -- found version 8.2.1
-- Searching for dependencies of ignition-transport8
-- Found Protobuf: /usr/lib/x86_64-linux-gnu/libprotobuf.so (found suitable version "3.12.4", minimum required is "3") 
-- Config-file not installed for ZeroMQ -- checking for pkg-config
-- Checking for module 'libzmq >= 4'
--   Found libzmq , version 4.3.4
-- Found ZeroMQ: TRUE (Required is at least version "4") 
-- Checking for module 'uuid'
--   Found uuid, version 2.37.2
-- Found UUID: TRUE  
-- Looking for ignition-msgs5 -- found version 5.8.1
-- Searching for dependencies of ignition-msgs5
-- Looking for ignition-math6 -- found version 6.15.1
-- Checking for module 'tinyxml2'
--   Found tinyxml2, version 9.0.0
-- Looking for ignition-msgs5 -- found version 5.8.1
-- Looking for ignition-common3 -- found version 3.14.0
-- Searching for dependencies of ignition-common3
-- Looking for dlfcn.h - found
-- Looking for libdl - found
-- Found DL: TRUE  
-- Found tinyobjloader: /usr/lib/x86_64-linux-gnu/cmake/tinyobjloader/tinyobjloader-config.cmake (found version "2.0.0") 
-- Searching for <ignition-common3> component [graphics]
-- Looking for ignition-common3-graphics -- found version 3.14.0
-- Searching for dependencies of ignition-common3-graphics
-- Looking for ignition-math6 -- found version 6.15.1
-- Looking for ignition-fuel_tools4 -- found version 4.4.0
-- Searching for dependencies of ignition-fuel_tools4
-- Found CURL: /usr/lib/x86_64-linux-gnu/libcurl.so (found version "7.81.0")  
-- Checking for module 'jsoncpp'
--   Found jsoncpp, version 1.9.5
-- Found JSONCPP: TRUE  
-- Checking for module 'libzip'
--   Found libzip, version 1.7.3
-- Found ZIP: TRUE  
-- Looking for ignition-common3 -- found version 3.14.0
-- Looking for ignition-math6 -- found version 6.15.1
-- Looking for ignition-msgs5 -- found version 5.8.1
-- Gazebo version: 11.10
-- Checking for module 'tbb'
--   Found tbb, version 2021.5.0
-- Found geometry_msgs: 4.9.0 (/opt/ros/humble/share/geometry_msgs/cmake)
-- Found sensor_msgs: 4.9.0 (/opt/ros/humble/share/sensor_msgs/cmake)
-- Checking for module 'eigen3'
--   Found eigen3, version 3.4.0
-- Found Eigen: /usr/include/eigen3 (Required is at least version "3.1") 
-- Eigen found (include: /usr/include/eigen3, version: 3.4.0)
-- Found Boost: /usr/lib/x86_64-linux-gnu/cmake/Boost-1.74.0/BoostConfig.cmake (found suitable version "1.74.0", minimum required is "1.65.0") found components: system filesystem date_time iostreams serialization 
-- Checking for module 'libusb-1.0'
--   Found libusb-1.0, version 1.0.25
-- Found libusb: /usr/lib/x86_64-linux-gnu/libusb-1.0.so  
-- Found OpenNI: /usr/lib/libOpenNI.so;libusb::libusb (found version "1.5.4.0") 
-- OpenNI found (version: 1.5.4.0, include: /usr/include/ni, lib: /usr/lib/libOpenNI.so;libusb::libusb)
-- Found OpenNI2: /usr/lib/x86_64-linux-gnu/libOpenNI2.so;libusb::libusb (found version "2.2.0.33") 
-- OpenNI2 found (version: 2.2.0.33, include: /usr/include/openni2, lib: /usr/lib/x86_64-linux-gnu/libOpenNI2.so;libusb::libusb)
-- Found GLEW: /usr/lib/x86_64-linux-gnu/libGLEW.so  
-- Found OpenGL: /usr/lib/x86_64-linux-gnu/libOpenGL.so  found components: OpenGL GLX 
-- Found MPI_C: /usr/lib/x86_64-linux-gnu/libmpi.so (found version "3.1") 
-- Found MPI: TRUE (found version "3.1") found components: C 
-- Found JsonCpp: /usr/lib/x86_64-linux-gnu/libjsoncpp.so (found suitable version "1.9.5", minimum required is "0.7.0") 
-- Found ZLIB: /usr/lib/x86_64-linux-gnu/libz.so (found version "1.2.11") 
-- Found PNG: /usr/lib/x86_64-linux-gnu/libpng.so (found version "1.6.37") 
-- Found Eigen3: /usr/include/eigen3 (found version "3.4.0") 
-- Found X11: /usr/include   
-- Looking for XOpenDisplay in /usr/lib/x86_64-linux-gnu/libX11.so;/usr/lib/x86_64-linux-gnu/libXext.so
-- Looking for XOpenDisplay in /usr/lib/x86_64-linux-gnu/libX11.so;/usr/lib/x86_64-linux-gnu/libXext.so - found
-- Looking for gethostbyname
-- Looking for gethostbyname - found
-- Looking for connect
-- Looking for connect - found
-- Looking for remove
-- Looking for remove - found
-- Looking for shmat
-- Looking for shmat - found
-- Looking for IceConnectionNumber in ICE
-- Looking for IceConnectionNumber in ICE - found
-- Found EXPAT: /usr/lib/x86_64-linux-gnu/libexpat.so (found version "2.4.7") 
-- Found double-conversion: /usr/lib/x86_64-linux-gnu/libdouble-conversion.so  
-- Found LZ4: /usr/lib/x86_64-linux-gnu/liblz4.so (found version "1.9.3") 
-- Found LZMA: /usr/lib/x86_64-linux-gnu/liblzma.so (found version "5.2.5") 
-- Found JPEG: /usr/lib/x86_64-linux-gnu/libjpeg.so (found version "80") 
-- Found TIFF: /usr/lib/x86_64-linux-gnu/libtiff.so (found version "4.3.0")  
-- Found Freetype: /usr/lib/x86_64-linux-gnu/libfreetype.so (found version "2.11.1") 
-- Found utf8cpp: /usr/include/utf8cpp  
-- Eigen found (include: /usr/include/eigen3, version: 3.4.0)
-- looking for PCL_COMMON
-- Found PCL_COMMON: /usr/lib/x86_64-linux-gnu/libpcl_common.so  
-- looking for PCL_OCTREE
-- Found PCL_OCTREE: /usr/lib/x86_64-linux-gnu/libpcl_octree.so  
-- looking for PCL_IO
-- Found PCL_IO: /usr/lib/x86_64-linux-gnu/libpcl_io.so  
-- Found PCL: pcl_common;pcl_octree;pcl_io;Boost::system;Boost::filesystem;Boost::date_time;Boost::iostreams;Boost::serialization;/usr/lib/libOpenNI.so;libusb::libusb;/usr/lib/x86_64-linux-gnu/libOpenNI2.so;libusb::libusb;VTK::ChartsCore;VTK::CommonColor;VTK::CommonComputationalGeometry;VTK::CommonCore;VTK::CommonDataModel;VTK::CommonExecutionModel;VTK::CommonMath;VTK::CommonMisc;VTK::CommonTransforms;VTK::FiltersCore;VTK::FiltersExtraction;VTK::FiltersGeneral;VTK::FiltersGeometry;VTK::FiltersModeling;VTK::FiltersSources;VTK::ImagingCore;VTK::ImagingSources;VTK::InteractionImage;VTK::InteractionStyle;VTK::InteractionWidgets;VTK::IOCore;VTK::IOGeometry;VTK::IOImage;VTK::IOLegacy;VTK::IOPLY;VTK::RenderingAnnotation;VTK::RenderingCore;VTK::RenderingContext2D;VTK::RenderingLOD;VTK::RenderingFreeType;VTK::ViewsCore;VTK::ViewsContext2D;VTK::RenderingOpenGL2;VTK::GUISupportQt  
-- Found pcl_conversions: 2.4.5 (/opt/ros/humble/share/pcl_conversions/cmake)
-- Found ament_lint_auto: 0.12.14 (/opt/ros/humble/share/ament_lint_auto/cmake)
-- Added test 'copyright' to check source files copyright and LICENSE
-- Added test 'cppcheck' to perform static code analysis on C / C++ code
-- Configured cppcheck include dirs: $<BUILD_INTERFACE:/home/glenio/ros2_sim_ws/src/my_simulation/include>
-- Configured cppcheck exclude dirs and/or files: 
-- Added test 'cpplint' to check C / C++ code against the Google style
-- Configured cpplint exclude dirs and/or files: 
-- Added test 'flake8' to check Python code syntax and style conventions
-- Added test 'lint_cmake' to check CMake code style
-- Added test 'pep257' to check Python code against some of the docstring style conventions in PEP 257
-- Added test 'uncrustify' to check C / C++ code style
-- Configured uncrustify additional arguments: 
-- Added test 'xmllint' to check XML markup files
-- Configuring done
-- Generating done
-- Build files have been written to: /home/glenio/ros2_sim_ws/build/my_simulation
[ 50%] [32mBuilding CXX object CMakeFiles/pointcloud_subscriber.dir/src/pointcloud_subscriber.cpp.o[0m
[ 50%] [32mBuilding CXX object CMakeFiles/robot_control.dir/src/robot_control.cpp.o[0m
[ 75%] [32m[1mLinking CXX executable robot_control[0m
[ 75%] Built target robot_control
[100%] [32m[1mLinking CXX executable pointcloud_subscriber[0m
[100%] Built target pointcloud_subscriber
-- Install configuration: ""
-- Installing: /home/glenio/ros2_sim_ws/install/my_simulation/share/my_simulation/launch
-- Installing: /home/glenio/ros2_sim_ws/install/my_simulation/share/my_simulation/launch/my_world.py
-- Installing: /home/glenio/ros2_sim_ws/install/my_simulation/share/my_simulation/launch/maquette_launch.py
-- Installing: /home/glenio/ros2_sim_ws/install/my_simulation/share/my_simulation/launch/maquette_robot_launch.py
-- Installing: /home/glenio/ros2_sim_ws/install/my_simulation/share/my_simulation/launch/maquette_robot_rtabmap_launch.py
-- Installing: /home/glenio/ros2_sim_ws/install/my_simulation/share/my_simulation/launch/rtabmap_livox.py
-- Installing: /home/glenio/ros2_sim_ws/install/my_simulation/share/my_simulation/world
-- Installing: /home/glenio/ros2_sim_ws/install/my_simulation/share/my_simulation/world/maquette_world.world
-- Installing: /home/glenio/ros2_sim_ws/install/my_simulation/share/my_simulation/world/empty_world.world
-- Installing: /home/glenio/ros2_sim_ws/install/my_simulation/share/my_simulation/world/pcl_world.world
-- Installing: /home/glenio/ros2_sim_ws/install/my_simulation/share/my_simulation/world/maquette_vf_world.world
-- Installing: /home/glenio/ros2_sim_ws/install/my_simulation/share/my_simulation/world/Lidar_room.world
-- Installing: /home/glenio/ros2_sim_ws/install/my_simulation/share/my_simulation/models
-- Installing: /home/glenio/ros2_sim_ws/install/my_simulation/share/my_simulation/models/pcl_data
-- Installing: /home/glenio/ros2_sim_ws/install/my_simulation/share/my_simulation/models/pcl_data/pcl_data.sdf
-- Installing: /home/glenio/ros2_sim_ws/install/my_simulation/share/my_simulation/models/pcl_data/model.config
-- Installing: /home/glenio/ros2_sim_ws/install/my_simulation/share/my_simulation/models/pcl_data/meshes
-- Installing: /home/glenio/ros2_sim_ws/install/my_simulation/share/my_simulation/models/pcl_data/meshes/pcl_out_time.dae
-- Installing: /home/glenio/ros2_sim_ws/install/my_simulation/share/my_simulation/models/pcl_data/meshes/pcl_out_time.stl
-- Installing: /home/glenio/ros2_sim_ws/install/my_simulation/share/my_simulation/models/maquette
-- Installing: /home/glenio/ros2_sim_ws/install/my_simulation/share/my_simulation/models/maquette/model.config
-- Installing: /home/glenio/ros2_sim_ws/install/my_simulation/share/my_simulation/models/maquette/maquette.sdf
-- Installing: /home/glenio/ros2_sim_ws/install/my_simulation/share/my_simulation/models/maquette/meshes
-- Installing: /home/glenio/ros2_sim_ws/install/my_simulation/share/my_simulation/models/maquette/meshes/maquette_n_support.stl
-- Installing: /home/glenio/ros2_sim_ws/install/my_simulation/share/my_simulation/models/maquette_vf
-- Installing: /home/glenio/ros2_sim_ws/install/my_simulation/share/my_simulation/models/maquette_vf/model.config
-- Installing: /home/glenio/ros2_sim_ws/install/my_simulation/share/my_simulation/models/maquette_vf/meshes
-- Installing: /home/glenio/ros2_sim_ws/install/my_simulation/share/my_simulation/models/maquette_vf/meshes/maquette_vf_.stl
-- Installing: /home/glenio/ros2_sim_ws/install/my_simulation/share/my_simulation/models/maquette_vf/maquette_vf.sdf
-- Installing: /home/glenio/ros2_sim_ws/install/my_simulation/share/my_simulation/urdf
-- Installing: /home/glenio/ros2_sim_ws/install/my_simulation/share/my_simulation/urdf/only_lidar
-- Installing: /home/glenio/ros2_sim_ws/install/my_simulation/share/my_simulation/urdf/only_lidar/base_core.xacro
-- Installing: /home/glenio/ros2_sim_ws/install/my_simulation/share/my_simulation/urdf/only_lidar/only_lidar.urdf.xacro
-- Installing: /home/glenio/ros2_sim_ws/install/my_simulation/share/my_simulation/urdf/robot_core.xacro
-- Installing: /home/glenio/ros2_sim_ws/install/my_simulation/share/my_simulation/urdf/imu.xacro
-- Installing: /home/glenio/ros2_sim_ws/install/my_simulation/share/my_simulation/urdf/lidar.xacro
-- Installing: /home/glenio/ros2_sim_ws/install/my_simulation/share/my_simulation/urdf/robot.urdf.xacro
-- Installing: /home/glenio/ros2_sim_ws/install/my_simulation/share/my_simulation/rviz
-- Installing: /home/glenio/ros2_sim_ws/install/my_simulation/share/my_simulation/rviz/rviz_config.rviz
-- Installing: /home/glenio/ros2_sim_ws/install/my_simulation/lib/my_simulation/robot_control
-- Set runtime path of "/home/glenio/ros2_sim_ws/install/my_simulation/lib/my_simulation/robot_control" to ""
-- Installing: /home/glenio/ros2_sim_ws/install/my_simulation/lib/my_simulation/pointcloud_subscriber
-- Set runtime path of "/home/glenio/ros2_sim_ws/install/my_simulation/lib/my_simulation/pointcloud_subscriber" to ""
-- Installing: /home/glenio/ros2_sim_ws/install/my_simulation/share/ament_index/resource_index/package_run_dependencies/my_simulation
-- Installing: /home/glenio/ros2_sim_ws/install/my_simulation/share/ament_index/resource_index/parent_prefix_path/my_simulation
-- Installing: /home/glenio/ros2_sim_ws/install/my_simulation/share/my_simulation/environment/ament_prefix_path.sh
-- Installing: /home/glenio/ros2_sim_ws/install/my_simulation/share/my_simulation/environment/ament_prefix_path.dsv
-- Installing: /home/glenio/ros2_sim_ws/install/my_simulation/share/my_simulation/environment/path.sh
-- Installing: /home/glenio/ros2_sim_ws/install/my_simulation/share/my_simulation/environment/path.dsv
-- Installing: /home/glenio/ros2_sim_ws/install/my_simulation/share/my_simulation/local_setup.bash
-- Installing: /home/glenio/ros2_sim_ws/install/my_simulation/share/my_simulation/local_setup.sh
-- Installing: /home/glenio/ros2_sim_ws/install/my_simulation/share/my_simulation/local_setup.zsh
-- Installing: /home/glenio/ros2_sim_ws/install/my_simulation/share/my_simulation/local_setup.dsv
-- Installing: /home/glenio/ros2_sim_ws/install/my_simulation/share/my_simulation/package.dsv
-- Installing: /home/glenio/ros2_sim_ws/install/my_simulation/share/ament_index/resource_index/packages/my_simulation
-- Installing: /home/glenio/ros2_sim_ws/install/my_simulation/share/my_simulation/cmake/my_simulationConfig.cmake
-- Installing: /home/glenio/ros2_sim_ws/install/my_simulation/share/my_simulation/cmake/my_simulationConfig-version.cmake
-- Installing: /home/glenio/ros2_sim_ws/install/my_simulation/share/my_simulation/package.xml
