[0.010s] Invoking command in '/home/glenio/ros2_sim_ws/build/my_simulation': CMAKE_PREFIX_PATH=/opt/ros/humble /usr/bin/cmake /home/glenio/ros2_sim_ws/src/my_simulation -DCMAKE_INSTALL_PREFIX=/home/glenio/ros2_sim_ws/install/my_simulation
[0.130s] -- The C compiler identification is GNU 11.4.0
[0.196s] -- The CXX compiler identification is GNU 11.4.0
[0.208s] -- Detecting C compiler ABI info
[0.285s] -- Detecting C compiler ABI info - done
[0.294s] -- Check for working C compiler: /usr/bin/cc - skipped
[0.294s] -- Detecting C compile features
[0.295s] -- Detecting C compile features - done
[0.299s] -- Detecting CXX compiler ABI info
[0.389s] -- Detecting CXX compiler ABI info - done
[0.398s] -- Check for working CXX compiler: /usr/bin/c++ - skipped
[0.398s] -- Detecting CXX compile features
[0.399s] -- Detecting CXX compile features - done
[0.408s] -- Found ament_cmake: 1.3.12 (/opt/ros/humble/share/ament_cmake/cmake)
[0.807s] -- Found Python3: /usr/bin/python3 (found version "3.10.12") found components: Interpreter 
[0.945s] -- Found gazebo_ros: 3.9.0 (/opt/ros/humble/share/gazebo_ros/cmake)
[1.066s] -- Found rosidl_generator_c: 3.1.7 (/opt/ros/humble/share/rosidl_generator_c/cmake)
[1.074s] -- Found rosidl_adapter: 3.1.7 (/opt/ros/humble/share/rosidl_adapter/cmake)
[1.087s] -- Found rosidl_generator_cpp: 3.1.7 (/opt/ros/humble/share/rosidl_generator_cpp/cmake)
[1.105s] -- Using all available rosidl_typesupport_c: rosidl_typesupport_fastrtps_c;rosidl_typesupport_introspection_c
[1.128s] -- Using all available rosidl_typesupport_cpp: rosidl_typesupport_fastrtps_cpp;rosidl_typesupport_introspection_cpp
[1.191s] -- Found rmw_implementation_cmake: 6.1.2 (/opt/ros/humble/share/rmw_implementation_cmake/cmake)
[1.195s] -- Found rmw_fastrtps_cpp: 6.2.8 (/opt/ros/humble/share/rmw_fastrtps_cpp/cmake)
[1.299s] -- Found OpenSSL: /usr/lib/x86_64-linux-gnu/libcrypto.so (found version "3.0.2")  
[1.329s] -- Found FastRTPS: /opt/ros/humble/include  
[1.371s] -- Using RMW implementation 'rmw_fastrtps_cpp' as default
[1.386s] -- Looking for pthread.h
[1.469s] -- Looking for pthread.h - found
[1.469s] -- Performing Test CMAKE_HAVE_LIBC_PTHREAD
[1.553s] -- Performing Test CMAKE_HAVE_LIBC_PTHREAD - Success
[1.554s] -- Found Threads: TRUE  
[1.653s] -- Found PkgConfig: /usr/bin/pkg-config (found version "0.29.2") 
[1.655s] -- Checking for module 'bullet>=2.82'
[1.669s] --   Found bullet, version 3.05
[1.796s] -- Found fcl: /usr/include (found suitable version "0.7.0", minimum required is "0.5.0") 
[1.864s] -- Found assimp: /usr/include (found version "5.2.0") 
[1.899s] -- Found DART: /usr/include (Required is at least version "6.6") found components: dart 
[1.938s] -- Found Boost: /usr/lib/x86_64-linux-gnu/cmake/Boost-1.74.0/BoostConfig.cmake (found suitable version "1.74.0", minimum required is "1.40.0") found components: thread system filesystem program_options regex iostreams date_time 
[1.971s] -- Found Protobuf: /usr/lib/x86_64-linux-gnu/libprotobuf.so (found version "3.12.4") 
[1.979s] -- Looking for ignition-math6 -- found version 6.15.1
[1.992s] -- Searching for dependencies of ignition-math6
[1.996s] -- Looking for OGRE...
[1.996s] -- OGRE_PREFIX_WATCH changed.
[2.002s] -- Checking for module 'OGRE'
[2.016s] --   Found OGRE, version 1.9.0
[2.055s] -- Found Ogre Ghadamon (1.9.0)
[2.062s] -- Found OGRE: optimized;/usr/lib/x86_64-linux-gnu/libOgreMain.so;debug;/usr/lib/x86_64-linux-gnu/libOgreMain.so
[2.074s] -- Looking for OGRE_Paging...
[2.079s] -- Found OGRE_Paging: optimized;/usr/lib/x86_64-linux-gnu/libOgrePaging.so;debug;/usr/lib/x86_64-linux-gnu/libOgrePaging.so
[2.080s] -- Looking for OGRE_Terrain...
[2.085s] -- Found OGRE_Terrain: optimized;/usr/lib/x86_64-linux-gnu/libOgreTerrain.so;debug;/usr/lib/x86_64-linux-gnu/libOgreTerrain.so
[2.085s] -- Looking for OGRE_Property...
[2.090s] -- Found OGRE_Property: optimized;/usr/lib/x86_64-linux-gnu/libOgreProperty.so;debug;/usr/lib/x86_64-linux-gnu/libOgreProperty.so
[2.090s] -- Looking for OGRE_RTShaderSystem...
[2.095s] -- Found OGRE_RTShaderSystem: optimized;/usr/lib/x86_64-linux-gnu/libOgreRTShaderSystem.so;debug;/usr/lib/x86_64-linux-gnu/libOgreRTShaderSystem.so
[2.095s] -- Looking for OGRE_Volume...
[2.099s] -- Found OGRE_Volume: optimized;/usr/lib/x86_64-linux-gnu/libOgreVolume.so;debug;/usr/lib/x86_64-linux-gnu/libOgreVolume.so
[2.099s] -- Looking for OGRE_Overlay...
[2.104s] -- Found OGRE_Overlay: optimized;/usr/lib/x86_64-linux-gnu/libOgreOverlay.so;debug;/usr/lib/x86_64-linux-gnu/libOgreOverlay.so
[2.211s] -- Looking for ignition-math6 -- found version 6.15.1
[2.214s] -- Looking for ignition-transport8 -- found version 8.2.1
[2.214s] -- Searching for dependencies of ignition-transport8
[2.232s] -- Found Protobuf: /usr/lib/x86_64-linux-gnu/libprotobuf.so (found suitable version "3.12.4", minimum required is "3") 
[2.244s] -- Config-file not installed for ZeroMQ -- checking for pkg-config
[2.249s] -- Checking for module 'libzmq >= 4'
[2.266s] --   Found libzmq , version 4.3.4
[2.305s] -- Found ZeroMQ: TRUE (Required is at least version "4") 
[2.337s] -- Checking for module 'uuid'
[2.392s] --   Found uuid, version 2.37.2
[2.495s] -- Found UUID: TRUE  
[2.498s] -- Looking for ignition-msgs5 -- found version 5.8.1
[2.499s] -- Searching for dependencies of ignition-msgs5
[2.521s] -- Looking for ignition-math6 -- found version 6.15.1
[2.527s] -- Checking for module 'tinyxml2'
[2.543s] --   Found tinyxml2, version 9.0.0
[2.583s] -- Looking for ignition-msgs5 -- found version 5.8.1
[2.586s] -- Looking for ignition-common3 -- found version 3.14.0
[2.586s] -- Searching for dependencies of ignition-common3
[2.587s] -- Looking for dlfcn.h - found
[2.588s] -- Looking for libdl - found
[2.589s] -- Found DL: TRUE  
[2.603s] -- Found tinyobjloader: /usr/lib/x86_64-linux-gnu/cmake/tinyobjloader/tinyobjloader-config.cmake (found version "2.0.0") 
[2.604s] -- Searching for <ignition-common3> component [graphics]
[2.607s] -- Looking for ignition-common3-graphics -- found version 3.14.0
[2.608s] -- Searching for dependencies of ignition-common3-graphics
[2.608s] -- Looking for ignition-math6 -- found version 6.15.1
[2.613s] -- Looking for ignition-fuel_tools4 -- found version 4.4.0
[2.613s] -- Searching for dependencies of ignition-fuel_tools4
[2.703s] -- Found CURL: /usr/lib/x86_64-linux-gnu/libcurl.so (found version "7.81.0")  
[2.715s] -- Checking for module 'jsoncpp'
[2.730s] --   Found jsoncpp, version 1.9.5
[2.771s] -- Found JSONCPP: TRUE  
[2.778s] -- Checking for module 'libzip'
[2.793s] --   Found libzip, version 1.7.3
[2.833s] -- Found ZIP: TRUE  
[2.834s] -- Looking for ignition-common3 -- found version 3.14.0
[2.835s] -- Looking for ignition-math6 -- found version 6.15.1
[2.835s] -- Looking for ignition-msgs5 -- found version 5.8.1
[2.840s] -- Gazebo version: 11.10
[2.841s] -- Checking for module 'tbb'
[2.858s] --   Found tbb, version 2021.5.0
[2.900s] -- Found geometry_msgs: 4.9.0 (/opt/ros/humble/share/geometry_msgs/cmake)
[2.948s] -- Found sensor_msgs: 4.9.0 (/opt/ros/humble/share/sensor_msgs/cmake)
[2.996s] -- Checking for module 'eigen3'
[3.010s] --   Found eigen3, version 3.4.0
[3.047s] -- Found Eigen: /usr/include/eigen3 (Required is at least version "3.1") 
[3.048s] -- Eigen found (include: /usr/include/eigen3, version: 3.4.0)
[3.058s] -- Found Boost: /usr/lib/x86_64-linux-gnu/cmake/Boost-1.74.0/BoostConfig.cmake (found suitable version "1.74.0", minimum required is "1.65.0") found components: system filesystem date_time iostreams serialization 
[3.120s] -- Checking for module 'libusb-1.0'
[3.135s] --   Found libusb-1.0, version 1.0.25
[3.174s] -- Found libusb: /usr/lib/x86_64-linux-gnu/libusb-1.0.so  
[3.176s] -- Found OpenNI: /usr/lib/libOpenNI.so;libusb::libusb (found version "1.5.4.0") 
[3.176s] -- OpenNI found (version: 1.5.4.0, include: /usr/include/ni, lib: /usr/lib/libOpenNI.so;libusb::libusb)
[3.237s] -- Found OpenNI2: /usr/lib/x86_64-linux-gnu/libOpenNI2.so;libusb::libusb (found version "2.2.0.33") 
[3.237s] -- OpenNI2 found (version: 2.2.0.33, include: /usr/include/openni2, lib: /usr/lib/x86_64-linux-gnu/libOpenNI2.so;libusb::libusb)
[3.237s] [0m** WARNING ** io features related to pcap will be disabled[0m
[3.237s] [0m** WARNING ** io features related to png will be disabled[0m
[3.284s] -- Found GLEW: /usr/lib/x86_64-linux-gnu/libGLEW.so  
[3.293s] -- Found OpenGL: /usr/lib/x86_64-linux-gnu/libOpenGL.so  found components: OpenGL GLX 
[3.495s] -- Found MPI_C: /usr/lib/x86_64-linux-gnu/libmpi.so (found version "3.1") 
[3.495s] -- Found MPI: TRUE (found version "3.1") found components: C 
[3.499s] -- Found JsonCpp: /usr/lib/x86_64-linux-gnu/libjsoncpp.so (found suitable version "1.9.5", minimum required is "0.7.0") 
[3.509s] -- Found ZLIB: /usr/lib/x86_64-linux-gnu/libz.so (found version "1.2.11") 
[3.530s] -- Found PNG: /usr/lib/x86_64-linux-gnu/libpng.so (found version "1.6.37") 
[3.555s] -- Found Eigen3: /usr/include/eigen3 (found version "3.4.0") 
[3.668s] -- Found X11: /usr/include   
[3.669s] -- Looking for XOpenDisplay in /usr/lib/x86_64-linux-gnu/libX11.so;/usr/lib/x86_64-linux-gnu/libXext.so
[3.757s] -- Looking for XOpenDisplay in /usr/lib/x86_64-linux-gnu/libX11.so;/usr/lib/x86_64-linux-gnu/libXext.so - found
[3.757s] -- Looking for gethostbyname
[3.837s] -- Looking for gethostbyname - found
[3.838s] -- Looking for connect
[3.920s] -- Looking for connect - found
[3.920s] -- Looking for remove
[4.001s] -- Looking for remove - found
[4.001s] -- Looking for shmat
[4.081s] -- Looking for shmat - found
[4.081s] -- Looking for IceConnectionNumber in ICE
[4.162s] -- Looking for IceConnectionNumber in ICE - found
[4.249s] -- Found EXPAT: /usr/lib/x86_64-linux-gnu/libexpat.so (found version "2.4.7") 
[4.252s] -- Found double-conversion: /usr/lib/x86_64-linux-gnu/libdouble-conversion.so  
[4.255s] -- Found LZ4: /usr/lib/x86_64-linux-gnu/liblz4.so (found version "1.9.3") 
[4.258s] -- Found LZMA: /usr/lib/x86_64-linux-gnu/liblzma.so (found version "5.2.5") 
[4.335s] -- Found JPEG: /usr/lib/x86_64-linux-gnu/libjpeg.so (found version "80") 
[4.341s] -- Found TIFF: /usr/lib/x86_64-linux-gnu/libtiff.so (found version "4.3.0")  
[4.347s] -- Found Freetype: /usr/lib/x86_64-linux-gnu/libfreetype.so (found version "2.11.1") 
[4.353s] -- Found utf8cpp: /usr/include/utf8cpp  
[4.396s] -- Eigen found (include: /usr/include/eigen3, version: 3.4.0)
[4.396s] -- looking for PCL_COMMON
[4.397s] -- Found PCL_COMMON: /usr/lib/x86_64-linux-gnu/libpcl_common.so  
[4.397s] -- looking for PCL_OCTREE
[4.398s] -- Found PCL_OCTREE: /usr/lib/x86_64-linux-gnu/libpcl_octree.so  
[4.398s] -- looking for PCL_IO
[4.399s] -- Found PCL_IO: /usr/lib/x86_64-linux-gnu/libpcl_io.so  
[4.399s] -- Found PCL: pcl_common;pcl_octree;pcl_io;Boost::system;Boost::filesystem;Boost::date_time;Boost::iostreams;Boost::serialization;/usr/lib/libOpenNI.so;libusb::libusb;/usr/lib/x86_64-linux-gnu/libOpenNI2.so;libusb::libusb;VTK::ChartsCore;VTK::CommonColor;VTK::CommonComputationalGeometry;VTK::CommonCore;VTK::CommonDataModel;VTK::CommonExecutionModel;VTK::CommonMath;VTK::CommonMisc;VTK::CommonTransforms;VTK::FiltersCore;VTK::FiltersExtraction;VTK::FiltersGeneral;VTK::FiltersGeometry;VTK::FiltersModeling;VTK::FiltersSources;VTK::ImagingCore;VTK::ImagingSources;VTK::InteractionImage;VTK::InteractionStyle;VTK::InteractionWidgets;VTK::IOCore;VTK::IOGeometry;VTK::IOImage;VTK::IOLegacy;VTK::IOPLY;VTK::RenderingAnnotation;VTK::RenderingCore;VTK::RenderingContext2D;VTK::RenderingLOD;VTK::RenderingFreeType;VTK::ViewsCore;VTK::ViewsContext2D;VTK::RenderingOpenGL2;VTK::GUISupportQt  
[4.402s] -- Found pcl_conversions: 2.4.5 (/opt/ros/humble/share/pcl_conversions/cmake)
[4.452s] -- Found ament_lint_auto: 0.12.14 (/opt/ros/humble/share/ament_lint_auto/cmake)
[4.586s] -- Added test 'copyright' to check source files copyright and LICENSE
[4.590s] -- Added test 'cppcheck' to perform static code analysis on C / C++ code
[4.590s] -- Configured cppcheck include dirs: $<BUILD_INTERFACE:/home/glenio/ros2_sim_ws/src/my_simulation/include>
[4.590s] -- Configured cppcheck exclude dirs and/or files: 
[4.594s] -- Added test 'cpplint' to check C / C++ code against the Google style
[4.594s] -- Configured cpplint exclude dirs and/or files: 
[4.595s] -- Added test 'flake8' to check Python code syntax and style conventions
[4.597s] -- Added test 'lint_cmake' to check CMake code style
[4.598s] -- Added test 'pep257' to check Python code against some of the docstring style conventions in PEP 257
[4.602s] -- Added test 'uncrustify' to check C / C++ code style
[4.602s] -- Configured uncrustify additional arguments: 
[4.603s] -- Added test 'xmllint' to check XML markup files
[4.605s] -- Configuring done
[4.645s] -- Generating done
[4.655s] -- Build files have been written to: /home/glenio/ros2_sim_ws/build/my_simulation
[4.675s] Invoked command in '/home/glenio/ros2_sim_ws/build/my_simulation' returned '0': CMAKE_PREFIX_PATH=/opt/ros/humble /usr/bin/cmake /home/glenio/ros2_sim_ws/src/my_simulation -DCMAKE_INSTALL_PREFIX=/home/glenio/ros2_sim_ws/install/my_simulation
[4.678s] Invoking command in '/home/glenio/ros2_sim_ws/build/my_simulation': CMAKE_PREFIX_PATH=/opt/ros/humble /usr/bin/cmake --build /home/glenio/ros2_sim_ws/build/my_simulation -- -j8 -l8
[4.744s] [ 50%] [32mBuilding CXX object CMakeFiles/pointcloud_subscriber.dir/src/pointcloud_subscriber.cpp.o[0m
[4.744s] [ 50%] [32mBuilding CXX object CMakeFiles/robot_control.dir/src/robot_control.cpp.o[0m
[9.700s] [ 75%] [32m[1mLinking CXX executable robot_control[0m
[9.949s] [ 75%] Built target robot_control
[19.020s] [100%] [32m[1mLinking CXX executable pointcloud_subscriber[0m
[19.884s] [100%] Built target pointcloud_subscriber
[19.900s] Invoked command in '/home/glenio/ros2_sim_ws/build/my_simulation' returned '0': CMAKE_PREFIX_PATH=/opt/ros/humble /usr/bin/cmake --build /home/glenio/ros2_sim_ws/build/my_simulation -- -j8 -l8
[19.913s] Invoking command in '/home/glenio/ros2_sim_ws/build/my_simulation': CMAKE_PREFIX_PATH=/opt/ros/humble /usr/bin/cmake --install /home/glenio/ros2_sim_ws/build/my_simulation
[19.922s] -- Install configuration: ""
[19.922s] -- Installing: /home/glenio/ros2_sim_ws/install/my_simulation/share/my_simulation/launch
[19.923s] -- Installing: /home/glenio/ros2_sim_ws/install/my_simulation/share/my_simulation/launch/my_world.py
[19.923s] -- Installing: /home/glenio/ros2_sim_ws/install/my_simulation/share/my_simulation/launch/maquette_launch.py
[19.923s] -- Installing: /home/glenio/ros2_sim_ws/install/my_simulation/share/my_simulation/launch/maquette_robot_launch.py
[19.923s] -- Installing: /home/glenio/ros2_sim_ws/install/my_simulation/share/my_simulation/launch/maquette_robot_rtabmap_launch.py
[19.923s] -- Installing: /home/glenio/ros2_sim_ws/install/my_simulation/share/my_simulation/launch/rtabmap_livox.py
[19.923s] -- Installing: /home/glenio/ros2_sim_ws/install/my_simulation/share/my_simulation/world
[19.923s] -- Installing: /home/glenio/ros2_sim_ws/install/my_simulation/share/my_simulation/world/maquette_world.world
[19.923s] -- Installing: /home/glenio/ros2_sim_ws/install/my_simulation/share/my_simulation/world/empty_world.world
[19.924s] -- Installing: /home/glenio/ros2_sim_ws/install/my_simulation/share/my_simulation/world/pcl_world.world
[19.924s] -- Installing: /home/glenio/ros2_sim_ws/install/my_simulation/share/my_simulation/world/maquette_vf_world.world
[19.924s] -- Installing: /home/glenio/ros2_sim_ws/install/my_simulation/share/my_simulation/world/Lidar_room.world
[19.924s] -- Installing: /home/glenio/ros2_sim_ws/install/my_simulation/share/my_simulation/models
[19.924s] -- Installing: /home/glenio/ros2_sim_ws/install/my_simulation/share/my_simulation/models/pcl_data
[19.924s] -- Installing: /home/glenio/ros2_sim_ws/install/my_simulation/share/my_simulation/models/pcl_data/pcl_data.sdf
[19.924s] -- Installing: /home/glenio/ros2_sim_ws/install/my_simulation/share/my_simulation/models/pcl_data/model.config
[19.924s] -- Installing: /home/glenio/ros2_sim_ws/install/my_simulation/share/my_simulation/models/pcl_data/meshes
[19.925s] -- Installing: /home/glenio/ros2_sim_ws/install/my_simulation/share/my_simulation/models/pcl_data/meshes/pcl_out_time.dae
[19.925s] -- Installing: /home/glenio/ros2_sim_ws/install/my_simulation/share/my_simulation/models/pcl_data/meshes/pcl_out_time.stl
[19.925s] -- Installing: /home/glenio/ros2_sim_ws/install/my_simulation/share/my_simulation/models/maquette
[19.925s] -- Installing: /home/glenio/ros2_sim_ws/install/my_simulation/share/my_simulation/models/maquette/model.config
[19.925s] -- Installing: /home/glenio/ros2_sim_ws/install/my_simulation/share/my_simulation/models/maquette/maquette.sdf
[19.925s] -- Installing: /home/glenio/ros2_sim_ws/install/my_simulation/share/my_simulation/models/maquette/meshes
[19.925s] -- Installing: /home/glenio/ros2_sim_ws/install/my_simulation/share/my_simulation/models/maquette/meshes/maquette_n_support.stl
[19.929s] -- Installing: /home/glenio/ros2_sim_ws/install/my_simulation/share/my_simulation/models/maquette_vf
[19.929s] -- Installing: /home/glenio/ros2_sim_ws/install/my_simulation/share/my_simulation/models/maquette_vf/model.config
[19.929s] -- Installing: /home/glenio/ros2_sim_ws/install/my_simulation/share/my_simulation/models/maquette_vf/meshes
[19.929s] -- Installing: /home/glenio/ros2_sim_ws/install/my_simulation/share/my_simulation/models/maquette_vf/meshes/maquette_vf_.stl
[19.934s] -- Installing: /home/glenio/ros2_sim_ws/install/my_simulation/share/my_simulation/models/maquette_vf/maquette_vf.sdf
[19.934s] -- Installing: /home/glenio/ros2_sim_ws/install/my_simulation/share/my_simulation/urdf
[19.934s] -- Installing: /home/glenio/ros2_sim_ws/install/my_simulation/share/my_simulation/urdf/only_lidar
[19.934s] -- Installing: /home/glenio/ros2_sim_ws/install/my_simulation/share/my_simulation/urdf/only_lidar/base_core.xacro
[19.935s] -- Installing: /home/glenio/ros2_sim_ws/install/my_simulation/share/my_simulation/urdf/only_lidar/only_lidar.urdf.xacro
[19.935s] -- Installing: /home/glenio/ros2_sim_ws/install/my_simulation/share/my_simulation/urdf/robot_core.xacro
[19.935s] -- Installing: /home/glenio/ros2_sim_ws/install/my_simulation/share/my_simulation/urdf/imu.xacro
[19.935s] -- Installing: /home/glenio/ros2_sim_ws/install/my_simulation/share/my_simulation/urdf/lidar.xacro
[19.935s] -- Installing: /home/glenio/ros2_sim_ws/install/my_simulation/share/my_simulation/urdf/robot.urdf.xacro
[19.935s] -- Installing: /home/glenio/ros2_sim_ws/install/my_simulation/share/my_simulation/rviz
[19.935s] -- Installing: /home/glenio/ros2_sim_ws/install/my_simulation/share/my_simulation/rviz/rviz_config.rviz
[19.936s] -- Installing: /home/glenio/ros2_sim_ws/install/my_simulation/lib/my_simulation/robot_control
[19.937s] -- Set runtime path of "/home/glenio/ros2_sim_ws/install/my_simulation/lib/my_simulation/robot_control" to ""
[19.937s] -- Installing: /home/glenio/ros2_sim_ws/install/my_simulation/lib/my_simulation/pointcloud_subscriber
[19.941s] -- Set runtime path of "/home/glenio/ros2_sim_ws/install/my_simulation/lib/my_simulation/pointcloud_subscriber" to ""
[19.942s] -- Installing: /home/glenio/ros2_sim_ws/install/my_simulation/share/ament_index/resource_index/package_run_dependencies/my_simulation
[19.942s] -- Installing: /home/glenio/ros2_sim_ws/install/my_simulation/share/ament_index/resource_index/parent_prefix_path/my_simulation
[19.942s] -- Installing: /home/glenio/ros2_sim_ws/install/my_simulation/share/my_simulation/environment/ament_prefix_path.sh
[19.942s] -- Installing: /home/glenio/ros2_sim_ws/install/my_simulation/share/my_simulation/environment/ament_prefix_path.dsv
[19.942s] -- Installing: /home/glenio/ros2_sim_ws/install/my_simulation/share/my_simulation/environment/path.sh
[19.942s] -- Installing: /home/glenio/ros2_sim_ws/install/my_simulation/share/my_simulation/environment/path.dsv
[19.943s] -- Installing: /home/glenio/ros2_sim_ws/install/my_simulation/share/my_simulation/local_setup.bash
[19.943s] -- Installing: /home/glenio/ros2_sim_ws/install/my_simulation/share/my_simulation/local_setup.sh
[19.943s] -- Installing: /home/glenio/ros2_sim_ws/install/my_simulation/share/my_simulation/local_setup.zsh
[19.943s] -- Installing: /home/glenio/ros2_sim_ws/install/my_simulation/share/my_simulation/local_setup.dsv
[19.943s] -- Installing: /home/glenio/ros2_sim_ws/install/my_simulation/share/my_simulation/package.dsv
[19.944s] -- Installing: /home/glenio/ros2_sim_ws/install/my_simulation/share/ament_index/resource_index/packages/my_simulation
[19.944s] -- Installing: /home/glenio/ros2_sim_ws/install/my_simulation/share/my_simulation/cmake/my_simulationConfig.cmake
[19.944s] -- Installing: /home/glenio/ros2_sim_ws/install/my_simulation/share/my_simulation/cmake/my_simulationConfig-version.cmake
[19.944s] -- Installing: /home/glenio/ros2_sim_ws/install/my_simulation/share/my_simulation/package.xml
[19.946s] Invoked command in '/home/glenio/ros2_sim_ws/build/my_simulation' returned '0': CMAKE_PREFIX_PATH=/opt/ros/humble /usr/bin/cmake --install /home/glenio/ros2_sim_ws/build/my_simulation
